<?xml version="1.0" encoding="UTF-8"?>
<testng-results skipped="0" failed="0" ignored="0" total="2" passed="2">
  <reporter-output>
  </reporter-output>
  <suite name="Default suite" duration-ms="440" started-at="2020-01-17T18:53:38 EST" finished-at="2020-01-17T18:53:39 EST">
    <groups>
    </groups>
    <test name="Default test" duration-ms="440" started-at="2020-01-17T18:53:38 EST" finished-at="2020-01-17T18:53:39 EST">
      <class name="databaseTest.TestDatabase">
        <test-method status="PASS" signature="validate()[pri:0, instance:databaseTest.TestDatabase@56235b8e]" name="validate" duration-ms="403" started-at="2020-01-17T18:53:38 EST" finished-at="2020-01-17T18:53:39 EST">
          <reporter-output>
          </reporter-output>
        </test-method> <!-- validate -->
        <test-method status="PASS" signature="validate2()[pri:0, instance:databaseTest.TestDatabase@56235b8e]" name="validate2" duration-ms="15" started-at="2020-01-17T18:53:39 EST" finished-at="2020-01-17T18:53:39 EST">
          <reporter-output>
          </reporter-output>
        </test-method> <!-- validate2 -->
      </class> <!-- databaseTest.TestDatabase -->
    </test> <!-- Default test -->
  </suite> <!-- Default suite -->
</testng-results>
